0 info it worked if it ends with ok
1 verbose cli [ 'node', '/usr/local/bin/npm', 'install', 'request' ]
2 info using npm@1.4.28
3 info using node@v0.10.32
4 verbose readDependencies using package.json deps
5 verbose cache add [ 'request', null ]
6 verbose cache add name=undefined spec="request" args=["request",null]
7 verbose parsed url { protocol: null,
7 verbose parsed url   slashes: null,
7 verbose parsed url   auth: null,
7 verbose parsed url   host: null,
7 verbose parsed url   port: null,
7 verbose parsed url   hostname: null,
7 verbose parsed url   hash: null,
7 verbose parsed url   search: null,
7 verbose parsed url   query: null,
7 verbose parsed url   pathname: 'request',
7 verbose parsed url   path: 'request',
7 verbose parsed url   href: 'request' }
8 silly lockFile 088e29b0-request request
9 verbose lock request /Users/enord/.npm/088e29b0-request.lock
10 silly lockFile 088e29b0-request request
11 silly lockFile 088e29b0-request request
12 verbose addNamed [ 'request', '' ]
13 verbose addNamed [ null, '*' ]
14 silly lockFile 9d461bcf-request request@
15 verbose lock request@ /Users/enord/.npm/9d461bcf-request.lock
16 silly addNameRange { name: 'request', range: '*', hasData: false }
17 verbose request where is /request
18 verbose request registry https://registry.npmjs.org/
19 verbose request id 201e1dbea455986f
20 verbose url raw /request
21 verbose url resolving [ 'https://registry.npmjs.org/', './request' ]
22 verbose url resolved https://registry.npmjs.org/request
23 verbose request where is https://registry.npmjs.org/request
24 info trying registry request attempt 1 at 12:06:23
25 verbose etag "E2J8BIDDW3326JQ7BJJPLOF7X"
26 http GET https://registry.npmjs.org/request
27 http 200 https://registry.npmjs.org/request
28 silly registry.get cb [ 200,
28 silly registry.get   { date: 'Wed, 25 Feb 2015 18:06:22 GMT',
28 silly registry.get     server: 'CouchDB/1.6.1 (Erlang OTP/R14B04)',
28 silly registry.get     etag: '"5OF76SV668098LVR5K1TN5VGG"',
28 silly registry.get     'content-type': 'application/json',
28 silly registry.get     'cache-control': 'max-age=60',
28 silly registry.get     'content-length': '140230',
28 silly registry.get     'accept-ranges': 'bytes',
28 silly registry.get     via: '1.1 varnish',
28 silly registry.get     age: '22',
28 silly registry.get     'x-served-by': 'cache-ord1724-ORD',
28 silly registry.get     'x-cache': 'HIT',
28 silly registry.get     'x-cache-hits': '322',
28 silly registry.get     'x-timer': 'S1424887582.613880,VS0,VE0',
28 silly registry.get     vary: 'Accept',
28 silly registry.get     'keep-alive': 'timeout=10, max=50',
28 silly registry.get     connection: 'Keep-Alive' } ]
29 silly addNameRange number 2 { name: 'request', range: '*', hasData: true }
30 silly addNameRange versions [ 'request',
30 silly addNameRange   [ '0.10.0',
30 silly addNameRange     '0.8.3',
30 silly addNameRange     '0.9.0',
30 silly addNameRange     '0.9.1',
30 silly addNameRange     '0.9.5',
30 silly addNameRange     '1.0.0',
30 silly addNameRange     '1.1.0',
30 silly addNameRange     '1.1.1',
30 silly addNameRange     '1.2.0',
30 silly addNameRange     '1.9.0',
30 silly addNameRange     '1.9.1',
30 silly addNameRange     '1.9.2',
30 silly addNameRange     '1.9.3',
30 silly addNameRange     '1.9.5',
30 silly addNameRange     '1.9.7',
30 silly addNameRange     '1.9.8',
30 silly addNameRange     '1.9.9',
30 silly addNameRange     '2.0.0',
30 silly addNameRange     '2.0.1',
30 silly addNameRange     '2.0.2',
30 silly addNameRange     '2.0.3',
30 silly addNameRange     '2.0.4',
30 silly addNameRange     '2.0.5',
30 silly addNameRange     '2.1.0',
30 silly addNameRange     '2.1.1',
30 silly addNameRange     '2.2.0',
30 silly addNameRange     '2.2.5',
30 silly addNameRange     '2.2.6',
30 silly addNameRange     '2.2.9',
30 silly addNameRange     '2.9.0',
30 silly addNameRange     '2.9.1',
30 silly addNameRange     '2.9.2',
30 silly addNameRange     '2.9.3',
30 silly addNameRange     '2.9.100',
30 silly addNameRange     '2.9.150',
30 silly addNameRange     '2.9.151',
30 silly addNameRange     '2.9.152',
30 silly addNameRange     '2.9.153',
30 silly addNameRange     '2.9.200',
30 silly addNameRange     '2.9.201',
30 silly addNameRange     '2.9.202',
30 silly addNameRange     '2.9.203',
30 silly addNameRange     '2.10.0',
30 silly addNameRange     '2.11.0',
30 silly addNameRange     '2.11.1',
30 silly addNameRange     '2.11.2',
30 silly addNameRange     '2.11.3',
30 silly addNameRange     '2.11.4',
30 silly addNameRange     '2.12.0',
30 silly addNameRange     '2.14.0',
30 silly addNameRange     '2.16.0',
30 silly addNameRange     '2.16.2',
30 silly addNameRange     '2.16.4',
30 silly addNameRange     '2.16.6',
30 silly addNameRange     '2.18.0',
30 silly addNameRange     '2.19.0',
30 silly addNameRange     '2.20.0',
30 silly addNameRange     '2.21.0',
30 silly addNameRange     '2.22.0',
30 silly addNameRange     '2.23.0',
30 silly addNameRange     '2.24.0',
30 silly addNameRange     '2.25.0',
30 silly addNameRange     '2.26.0',
30 silly addNameRange     '2.27.0',
30 silly addNameRange     '2.28.0',
30 silly addNameRange     '2.29.0',
30 silly addNameRange     '2.30.0',
30 silly addNameRange     '2.31.0',
30 silly addNameRange     '2.32.0',
30 silly addNameRange     '2.33.0',
30 silly addNameRange     '2.34.0',
30 silly addNameRange     '2.35.0',
30 silly addNameRange     '2.36.0',
30 silly addNameRange     '2.37.0',
30 silly addNameRange     '2.38.0',
30 silly addNameRange     '2.39.0',
30 silly addNameRange     '2.40.0',
30 silly addNameRange     '2.41.0',
30 silly addNameRange     '2.42.0',
30 silly addNameRange     '2.43.0',
30 silly addNameRange     '2.44.0',
30 silly addNameRange     '2.45.0',
30 silly addNameRange     '2.46.0',
30 silly addNameRange     '2.47.0',
30 silly addNameRange     '2.48.0',
30 silly addNameRange     '2.49.0',
30 silly addNameRange     '2.50.0',
30 silly addNameRange     '2.51.0',
30 silly addNameRange     '2.52.0',
30 silly addNameRange     '2.53.0' ] ]
31 verbose addNamed [ 'request', '2.53.0' ]
32 verbose addNamed [ '2.53.0', '2.53.0' ]
33 silly lockFile aee8052e-request-2-53-0 request@2.53.0
34 verbose lock request@2.53.0 /Users/enord/.npm/aee8052e-request-2-53-0.lock
35 silly lockFile ba72365e-s-org-request-request-2-53-0-tgz https://registry.npmjs.org/request/-/request-2.53.0.tgz
36 verbose lock https://registry.npmjs.org/request/-/request-2.53.0.tgz /Users/enord/.npm/ba72365e-s-org-request-request-2-53-0-tgz.lock
37 verbose addRemoteTarball [ 'https://registry.npmjs.org/request/-/request-2.53.0.tgz',
37 verbose addRemoteTarball   '180a3ae92b7b639802e4f9545dd8fcdeb71d760c' ]
38 info retry fetch attempt 1 at 12:06:24
39 verbose fetch to= /var/folders/qj/3xz72v113td45fr6dvxfzfdnmh05r9/T/npm-81157-k00R8G3y/registry.npmjs.org/request/-/request-2.53.0.tgz
40 http GET https://registry.npmjs.org/request/-/request-2.53.0.tgz
41 http 200 https://registry.npmjs.org/request/-/request-2.53.0.tgz
42 silly lockFile ba72365e-s-org-request-request-2-53-0-tgz https://registry.npmjs.org/request/-/request-2.53.0.tgz
43 silly lockFile ba72365e-s-org-request-request-2-53-0-tgz https://registry.npmjs.org/request/-/request-2.53.0.tgz
44 silly lockFile aee8052e-request-2-53-0 request@2.53.0
45 silly lockFile aee8052e-request-2-53-0 request@2.53.0
46 silly lockFile 9d461bcf-request request@
47 silly lockFile 9d461bcf-request request@
48 error Error: EACCES, mkdir '/Users/enord/.npm/request/2.53.0'
48 error  { [Error: EACCES, mkdir '/Users/enord/.npm/request/2.53.0']
48 error   errno: 3,
48 error   code: 'EACCES',
48 error   path: '/Users/enord/.npm/request/2.53.0',
48 error   parent: 'deployCM' }
49 error Please try running this command again as root/Administrator.
50 error System Darwin 14.1.0
51 error command "node" "/usr/local/bin/npm" "install" "request"
52 error cwd /Users/enord/Development/STS/SOASoftware/Web/workspace/deployCM
53 error node -v v0.10.32
54 error npm -v 1.4.28
55 error path /Users/enord/.npm/request/2.53.0
56 error code EACCES
57 error errno 3
58 error stack Error: EACCES, mkdir '/Users/enord/.npm/request/2.53.0'
59 verbose exit [ 3, true ]
